#
# There is insufficient memory for the Java Runtime Environment to continue.
# Native memory allocation (malloc) failed to allocate 1310896 bytes for Chunk::new
# Possible reasons:
#   The system is out of physical RAM or swap space
#   The process is running with CompressedOops enabled, and the Java Heap may be blocking the growth of the native heap
# Possible solutions:
#   Reduce memory load on the system
#   Increase physical memory or swap space
#   Check if swap backing store is full
#   Decrease Java heap size (-Xmx/-Xms)
#   Decrease number of Java threads
#   Decrease Java thread stack sizes (-Xss)
#   Set larger code cache with -XX:ReservedCodeCacheSize=
#   JVM is running with Unscaled Compressed Oops mode in which the Java heap is
#     placed in the first 4GB address space. The Java Heap base address is the
#     maximum limit for the native heap growth. Please use -XX:HeapBaseMinAddress
#     to set the Java Heap base and to place the Java Heap above 4GB virtual address.
# This output file may be truncated or incomplete.
#
#  Out of Memory Error (arena.cpp:197), pid=65304, tid=2480
#
# JRE version: OpenJDK Runtime Environment Microsoft-8035250 (11.0.20+8) (build 11.0.20+8-LTS)
# Java VM: OpenJDK 64-Bit Server VM Microsoft-8035250 (11.0.20+8-LTS, mixed mode, tiered, compressed oops, g1 gc, windows-amd64)
# No core dump will be written. Minidumps are not enabled by default on client versions of Windows
#

---------------  S U M M A R Y ------------

Command Line: org.jetbrains.kotlin.cli.jvm.K2JVMCompiler @C:\Users\KabeerAliAlvi\LoginSignup\node_modules\react-native-safe-area-context\android\build\20230930_8581365702424206352.compiler.options

Host: Intel(R) Core(TM) i3-1005G1 CPU @ 1.20GHz, 4 cores, 7G,  Windows 10 , 64 bit Build 19041 (10.0.19041.3393)
Time: Sat Sep 30 23:43:26 2023 Pakistan Standard Time elapsed time: 27.125809 seconds (0d 0h 0m 27s)

---------------  T H R E A D  ---------------

Current thread (0x00000231479b9800):  JavaThread "C2 CompilerThread0" daemon [_thread_in_native, id=2480, stack(0x00000096b8300000,0x00000096b8400000)]


Current CompileTask:
C2:  27125 12078       4       org.jetbrains.kotlin.ir.util.TypeTranslator::translateTypeAnnotations (229 bytes)

Stack: [0x00000096b8300000,0x00000096b8400000]
Native frames: (J=compiled Java code, j=interpreted, Vv=VM code, C=native code)
V  [jvm.dll+0x62e9da]
V  [jvm.dll+0x7bc4e9]
V  [jvm.dll+0x7bdbd8]
V  [jvm.dll+0x7be2b3]
V  [jvm.dll+0x2505a8]
V  [jvm.dll+0xc263c]
V  [jvm.dll+0xc2bfc]
V  [jvm.dll+0x35fd82]
V  [jvm.dll+0x32bf13]
V  [jvm.dll+0x32b24a]
V  [jvm.dll+0x2097e3]
V  [jvm.dll+0x20893d]
V  [jvm.dll+0x18a7de]
V  [jvm.dll+0x2181ec]
V  [jvm.dll+0x21642b]
V  [jvm.dll+0x77efc0]
V  [jvm.dll+0x777db4]
V  [jvm.dll+0x62d845]
C  [ucrtbase.dll+0x21bb2]
C  [KERNEL32.DLL+0x17344]
C  [ntdll.dll+0x526b1]


---------------  P R O C E S S  ---------------

Threads class SMR info:
_java_thread_list=0x000002314f3f7760, length=10, elements={
0x000002312938e800, 0x0000023147997000, 0x00000231479a1000, 0x00000231479b3000,
0x00000231479b6000, 0x00000231479b8000, 0x00000231479b9800, 0x00000231479bf800,
0x00000231479c2800, 0x0000023148475800
}

Java Threads: ( => current thread )
  0x000002312938e800 JavaThread "main" [_thread_in_Java, id=66048, stack(0x00000096b7700000,0x00000096b7800000)]
  0x0000023147997000 JavaThread "Reference Handler" daemon [_thread_blocked, id=2864, stack(0x00000096b7e00000,0x00000096b7f00000)]
  0x00000231479a1000 JavaThread "Finalizer" daemon [_thread_blocked, id=57748, stack(0x00000096b7f00000,0x00000096b8000000)]
  0x00000231479b3000 JavaThread "Signal Dispatcher" daemon [_thread_blocked, id=68756, stack(0x00000096b8000000,0x00000096b8100000)]
  0x00000231479b6000 JavaThread "Attach Listener" daemon [_thread_blocked, id=68296, stack(0x00000096b8100000,0x00000096b8200000)]
  0x00000231479b8000 JavaThread "Service Thread" daemon [_thread_blocked, id=57704, stack(0x00000096b8200000,0x00000096b8300000)]
=>0x00000231479b9800 JavaThread "C2 CompilerThread0" daemon [_thread_in_native, id=2480, stack(0x00000096b8300000,0x00000096b8400000)]
  0x00000231479bf800 JavaThread "C1 CompilerThread0" daemon [_thread_in_native, id=62332, stack(0x00000096b8400000,0x00000096b8500000)]
  0x00000231479c2800 JavaThread "Sweeper thread" daemon [_thread_blocked, id=67660, stack(0x00000096b8500000,0x00000096b8600000)]
  0x0000023148475800 JavaThread "Common-Cleaner" daemon [_thread_blocked, id=68828, stack(0x00000096b8700000,0x00000096b8800000)]

Other Threads:
  0x0000023147974000 VMThread "VM Thread" [stack: 0x00000096b7d00000,0x00000096b7e00000] [id=50288]
  0x0000023148469000 WatcherThread [stack: 0x00000096b8600000,0x00000096b8700000] [id=3084]
  0x00000231293a7000 GCTaskThread "GC Thread#0" [stack: 0x00000096b7800000,0x00000096b7900000] [id=11892]
  0x0000023148892800 GCTaskThread "GC Thread#1" [stack: 0x00000096b8800000,0x00000096b8900000] [id=64112]
  0x000002314a2ce800 GCTaskThread "GC Thread#2" [stack: 0x00000096b8a00000,0x00000096b8b00000] [id=61668]
  0x00000231293d5800 ConcurrentGCThread "G1 Main Marker" [stack: 0x00000096b7900000,0x00000096b7a00000] [id=62208]
  0x00000231293d8000 ConcurrentGCThread "G1 Conc#0" [stack: 0x00000096b7a00000,0x00000096b7b00000] [id=69108]
  0x0000023129457800 ConcurrentGCThread "G1 Refine#0" [stack: 0x00000096b7b00000,0x00000096b7c00000] [id=63692]
  0x0000023129458800 ConcurrentGCThread "G1 Young RemSet Sampling" [stack: 0x00000096b7c00000,0x00000096b7d00000] [id=33316]

Threads with active compile tasks:
C2 CompilerThread0    27150 12078       4       org.jetbrains.kotlin.ir.util.TypeTranslator::translateTypeAnnotations (229 bytes)
C1 CompilerThread0    27150 12128       3       org.jetbrains.kotlin.backend.jvm.ir.IrInlineReferenceLocator::visitConst (13 bytes)

VM state:not at safepoint (normal execution)

VM Mutex/Monitor currently owned by a thread:  ([mutex/lock_event])
[0x0000023129389a10] CodeCache_lock - owner thread: 0x00000231479bf800
[0x000002312938ba20] Compile_lock - owner thread: 0x00000231479bf800
[0x000002312938c560] MethodCompileQueue_lock - owner thread: 0x00000231479bf800

Heap address: 0x0000000084000000, size: 1984 MB, Compressed Oops mode: 32-bit
Narrow klass base: 0x0000000000000000, Narrow klass shift: 3
Compressed class space size: 1073741824 Address: 0x0000000100000000

Heap:
 garbage-first heap   total 183296K, used 104960K [0x0000000084000000, 0x0000000100000000)
  region size 1024K, 50 young (51200K), 7 survivors (7168K)
 Metaspace       used 82416K, capacity 83305K, committed 83456K, reserved 1124352K
  class space    used 9040K, capacity 9406K, committed 9472K, reserved 1048576K
Heap Regions: E=young(eden), S=young(survivor), O=old, HS=humongous(starts), HC=humongous(continues), CS=collection set, F=free, A=archive, TAMS=top-at-mark-start (previous, next)
|   0|0x0000000084000000, 0x0000000084100000, 0x0000000084100000|100%|HS|  |TAMS 0x0000000084100000, 0x0000000084000000| Complete 
|   1|0x0000000084100000, 0x0000000084200000, 0x0000000084200000|100%|HC|  |TAMS 0x0000000084200000, 0x0000000084100000| Complete 
|   2|0x0000000084200000, 0x0000000084300000, 0x0000000084300000|100%|HC|  |TAMS 0x0000000084300000, 0x0000000084200000| Complete 
|   3|0x0000000084300000, 0x0000000084400000, 0x0000000084400000|100%| O|  |TAMS 0x0000000084400000, 0x0000000084300000| Untracked 
|   4|0x0000000084400000, 0x0000000084500000, 0x0000000084500000|100%| O|  |TAMS 0x0000000084500000, 0x0000000084400000| Untracked 
|   5|0x0000000084500000, 0x0000000084600000, 0x0000000084600000|100%|HS|  |TAMS 0x0000000084600000, 0x0000000084500000| Complete 
|   6|0x0000000084600000, 0x0000000084700000, 0x0000000084700000|100%|HC|  |TAMS 0x0000000084700000, 0x0000000084600000| Complete 
|   7|0x0000000084700000, 0x0000000084800000, 0x0000000084800000|100%|HC|  |TAMS 0x0000000084800000, 0x0000000084700000| Complete 
|   8|0x0000000084800000, 0x0000000084900000, 0x0000000084900000|100%|HS|  |TAMS 0x0000000084900000, 0x0000000084800000| Complete 
|   9|0x0000000084900000, 0x0000000084a00000, 0x0000000084a00000|100%|HC|  |TAMS 0x0000000084a00000, 0x0000000084900000| Complete 
|  10|0x0000000084a00000, 0x0000000084b00000, 0x0000000084b00000|100%| O|  |TAMS 0x0000000084b00000, 0x0000000084a00000| Untracked 
|  11|0x0000000084b00000, 0x0000000084c00000, 0x0000000084c00000|100%| O|  |TAMS 0x0000000084c00000, 0x0000000084b00000| Untracked 
|  12|0x0000000084c00000, 0x0000000084d00000, 0x0000000084d00000|100%| O|  |TAMS 0x0000000084d00000, 0x0000000084c00000| Untracked 
|  13|0x0000000084d00000, 0x0000000084e00000, 0x0000000084e00000|100%| O|  |TAMS 0x0000000084e00000, 0x0000000084d00000| Untracked 
|  14|0x0000000084e00000, 0x0000000084f00000, 0x0000000084f00000|100%| O|  |TAMS 0x0000000084f00000, 0x0000000084e00000| Untracked 
|  15|0x0000000084f00000, 0x0000000085000000, 0x0000000085000000|100%| O|  |TAMS 0x0000000085000000, 0x0000000084f00000| Untracked 
|  16|0x0000000085000000, 0x0000000085100000, 0x0000000085100000|100%| O|  |TAMS 0x0000000085100000, 0x0000000085000000| Untracked 
|  17|0x0000000085100000, 0x0000000085200000, 0x0000000085200000|100%| O|  |TAMS 0x0000000085200000, 0x0000000085100000| Untracked 
|  18|0x0000000085200000, 0x0000000085300000, 0x0000000085300000|100%| O|  |TAMS 0x0000000085300000, 0x0000000085200000| Untracked 
|  19|0x0000000085300000, 0x0000000085400000, 0x0000000085400000|100%| O|  |TAMS 0x0000000085400000, 0x0000000085300000| Untracked 
|  20|0x0000000085400000, 0x0000000085500000, 0x0000000085500000|100%| O|  |TAMS 0x0000000085500000, 0x0000000085400000| Untracked 
|  21|0x0000000085500000, 0x0000000085600000, 0x0000000085600000|100%| O|  |TAMS 0x0000000085600000, 0x0000000085500000| Untracked 
|  22|0x0000000085600000, 0x0000000085700000, 0x0000000085700000|100%| O|  |TAMS 0x0000000085700000, 0x0000000085600000| Untracked 
|  23|0x0000000085700000, 0x0000000085800000, 0x0000000085800000|100%| O|  |TAMS 0x0000000085800000, 0x0000000085700000| Untracked 
|  24|0x0000000085800000, 0x0000000085900000, 0x0000000085900000|100%| O|  |TAMS 0x0000000085900000, 0x0000000085800000| Untracked 
|  25|0x0000000085900000, 0x0000000085a00000, 0x0000000085a00000|100%| O|  |TAMS 0x0000000085a00000, 0x0000000085900000| Untracked 
|  26|0x0000000085a00000, 0x0000000085b00000, 0x0000000085b00000|100%| O|  |TAMS 0x0000000085b00000, 0x0000000085a00000| Untracked 
|  27|0x0000000085b00000, 0x0000000085c00000, 0x0000000085c00000|100%| O|  |TAMS 0x0000000085c00000, 0x0000000085b00000| Untracked 
|  28|0x0000000085c00000, 0x0000000085d00000, 0x0000000085d00000|100%| O|  |TAMS 0x0000000085d00000, 0x0000000085c00000| Untracked 
|  29|0x0000000085d00000, 0x0000000085e00000, 0x0000000085e00000|100%| O|  |TAMS 0x0000000085e00000, 0x0000000085d00000| Untracked 
|  30|0x0000000085e00000, 0x0000000085f00000, 0x0000000085f00000|100%| O|  |TAMS 0x0000000085f00000, 0x0000000085e00000| Untracked 
|  31|0x0000000085f00000, 0x0000000086000000, 0x0000000086000000|100%| O|  |TAMS 0x0000000086000000, 0x0000000085f00000| Untracked 
|  32|0x0000000086000000, 0x0000000086100000, 0x0000000086100000|100%| O|  |TAMS 0x00000000860a3c00, 0x0000000086000000| Untracked 
|  33|0x0000000086100000, 0x0000000086200000, 0x0000000086200000|100%| O|  |TAMS 0x0000000086100000, 0x0000000086100000| Untracked 
|  34|0x0000000086200000, 0x0000000086300000, 0x0000000086300000|100%| O|  |TAMS 0x0000000086200000, 0x0000000086200000| Untracked 
|  35|0x0000000086300000, 0x0000000086400000, 0x0000000086400000|100%| O|  |TAMS 0x0000000086300000, 0x0000000086300000| Untracked 
|  36|0x0000000086400000, 0x0000000086500000, 0x0000000086500000|100%| O|  |TAMS 0x0000000086400000, 0x0000000086400000| Untracked 
|  37|0x0000000086500000, 0x0000000086600000, 0x0000000086600000|100%| O|  |TAMS 0x0000000086500000, 0x0000000086500000| Untracked 
|  38|0x0000000086600000, 0x0000000086700000, 0x0000000086700000|100%| O|  |TAMS 0x0000000086600000, 0x0000000086600000| Untracked 
|  39|0x0000000086700000, 0x0000000086800000, 0x0000000086800000|100%| O|  |TAMS 0x0000000086700000, 0x0000000086700000| Untracked 
|  40|0x0000000086800000, 0x0000000086900000, 0x0000000086900000|100%| O|  |TAMS 0x0000000086800000, 0x0000000086800000| Untracked 
|  41|0x0000000086900000, 0x0000000086a00000, 0x0000000086a00000|100%| O|  |TAMS 0x0000000086900000, 0x0000000086900000| Untracked 
|  42|0x0000000086a00000, 0x0000000086b00000, 0x0000000086b00000|100%| O|  |TAMS 0x0000000086a00000, 0x0000000086a00000| Untracked 
|  43|0x0000000086b00000, 0x0000000086c00000, 0x0000000086c00000|100%| O|  |TAMS 0x0000000086b00000, 0x0000000086b00000| Untracked 
|  44|0x0000000086c00000, 0x0000000086d00000, 0x0000000086d00000|100%| O|  |TAMS 0x0000000086c00000, 0x0000000086c00000| Untracked 
|  45|0x0000000086d00000, 0x0000000086e00000, 0x0000000086e00000|100%| O|  |TAMS 0x0000000086d00000, 0x0000000086d00000| Untracked 
|  46|0x0000000086e00000, 0x0000000086f00000, 0x0000000086f00000|100%| O|  |TAMS 0x0000000086e00000, 0x0000000086e00000| Untracked 
|  47|0x0000000086f00000, 0x0000000087000000, 0x0000000087000000|100%| O|  |TAMS 0x0000000086f00000, 0x0000000086f00000| Untracked 
|  48|0x0000000087000000, 0x0000000087100000, 0x0000000087100000|100%| O|  |TAMS 0x0000000087000000, 0x0000000087000000| Untracked 
|  49|0x0000000087100000, 0x0000000087200000, 0x0000000087200000|100%| O|  |TAMS 0x0000000087100000, 0x0000000087100000| Untracked 
|  50|0x0000000087200000, 0x0000000087300000, 0x0000000087300000|100%| O|  |TAMS 0x0000000087200000, 0x0000000087200000| Untracked 
|  51|0x0000000087300000, 0x0000000087400000, 0x0000000087400000|100%| O|  |TAMS 0x0000000087300000, 0x0000000087300000| Untracked 
|  52|0x0000000087400000, 0x0000000087500000, 0x0000000087500000|100%| O|  |TAMS 0x0000000087400000, 0x0000000087400000| Untracked 
|  53|0x0000000087500000, 0x0000000087600000, 0x0000000087600000|100%| O|  |TAMS 0x0000000087500000, 0x0000000087500000| Untracked 
|  54|0x0000000087600000, 0x0000000087600000, 0x0000000087700000|  0%| F|  |TAMS 0x0000000087600000, 0x0000000087600000| Untracked 
|  55|0x0000000087700000, 0x0000000087700000, 0x0000000087800000|  0%| F|  |TAMS 0x0000000087700000, 0x0000000087700000| Untracked 
|  56|0x0000000087800000, 0x0000000087800000, 0x0000000087900000|  0%| F|  |TAMS 0x0000000087800000, 0x0000000087800000| Untracked 
|  57|0x0000000087900000, 0x0000000087900000, 0x0000000087a00000|  0%| F|  |TAMS 0x0000000087900000, 0x0000000087900000| Untracked 
|  58|0x0000000087a00000, 0x0000000087a00000, 0x0000000087b00000|  0%| F|  |TAMS 0x0000000087a00000, 0x0000000087a00000| Untracked 
|  59|0x0000000087b00000, 0x0000000087b00000, 0x0000000087c00000|  0%| F|  |TAMS 0x0000000087b00000, 0x0000000087b00000| Untracked 
|  60|0x0000000087c00000, 0x0000000087c00000, 0x0000000087d00000|  0%| F|  |TAMS 0x0000000087c00000, 0x0000000087c00000| Untracked 
|  61|0x0000000087d00000, 0x0000000087d00000, 0x0000000087e00000|  0%| F|  |TAMS 0x0000000087d00000, 0x0000000087d00000| Untracked 
|  62|0x0000000087e00000, 0x0000000087e00000, 0x0000000087f00000|  0%| F|  |TAMS 0x0000000087e00000, 0x0000000087e00000| Untracked 
|  63|0x0000000087f00000, 0x0000000087f00000, 0x0000000088000000|  0%| F|  |TAMS 0x0000000087f00000, 0x0000000087f00000| Untracked 
|  64|0x0000000088000000, 0x0000000088000000, 0x0000000088100000|  0%| F|  |TAMS 0x0000000088000000, 0x0000000088000000| Untracked 
|  65|0x0000000088100000, 0x0000000088100000, 0x0000000088200000|  0%| F|  |TAMS 0x0000000088100000, 0x0000000088100000| Untracked 
|  66|0x0000000088200000, 0x0000000088200000, 0x0000000088300000|  0%| F|  |TAMS 0x0000000088200000, 0x0000000088200000| Untracked 
|  67|0x0000000088300000, 0x0000000088300000, 0x0000000088400000|  0%| F|  |TAMS 0x0000000088300000, 0x0000000088300000| Untracked 
|  68|0x0000000088400000, 0x0000000088400000, 0x0000000088500000|  0%| F|  |TAMS 0x0000000088400000, 0x0000000088400000| Untracked 
|  69|0x0000000088500000, 0x0000000088500000, 0x0000000088600000|  0%| F|  |TAMS 0x0000000088500000, 0x0000000088500000| Untracked 
|  70|0x0000000088600000, 0x0000000088600000, 0x0000000088700000|  0%| F|  |TAMS 0x0000000088600000, 0x0000000088600000| Untracked 
|  71|0x0000000088700000, 0x0000000088700000, 0x0000000088800000|  0%| F|  |TAMS 0x0000000088700000, 0x0000000088700000| Untracked 
|  72|0x0000000088800000, 0x0000000088800000, 0x0000000088900000|  0%| F|  |TAMS 0x0000000088800000, 0x0000000088800000| Untracked 
|  73|0x0000000088900000, 0x0000000088900000, 0x0000000088a00000|  0%| F|  |TAMS 0x0000000088900000, 0x0000000088900000| Untracked 
|  74|0x0000000088a00000, 0x0000000088a80000, 0x0000000088b00000| 50%| S|CS|TAMS 0x0000000088a00000, 0x0000000088a00000| Complete 
|  75|0x0000000088b00000, 0x0000000088c00000, 0x0000000088c00000|100%| S|CS|TAMS 0x0000000088b00000, 0x0000000088b00000| Complete 
|  76|0x0000000088c00000, 0x0000000088c00000, 0x0000000088d00000|  0%| F|  |TAMS 0x0000000088c00000, 0x0000000088c00000| Untracked 
|  77|0x0000000088d00000, 0x0000000088d00000, 0x0000000088e00000|  0%| F|  |TAMS 0x0000000088d00000, 0x0000000088d00000| Untracked 
|  78|0x0000000088e00000, 0x0000000088e00000, 0x0000000088f00000|  0%| F|  |TAMS 0x0000000088e00000, 0x0000000088e00000| Untracked 
|  79|0x0000000088f00000, 0x0000000088f00000, 0x0000000089000000|  0%| F|  |TAMS 0x0000000088f00000, 0x0000000088f00000| Untracked 
|  80|0x0000000089000000, 0x0000000089000000, 0x0000000089100000|  0%| F|  |TAMS 0x0000000089000000, 0x0000000089000000| Untracked 
|  81|0x0000000089100000, 0x0000000089100000, 0x0000000089200000|  0%| F|  |TAMS 0x0000000089100000, 0x0000000089100000| Untracked 
|  82|0x0000000089200000, 0x0000000089200000, 0x0000000089300000|  0%| F|  |TAMS 0x0000000089200000, 0x0000000089200000| Untracked 
|  83|0x0000000089300000, 0x0000000089300000, 0x0000000089400000|  0%| F|  |TAMS 0x0000000089300000, 0x0000000089300000| Untracked 
|  84|0x0000000089400000, 0x0000000089500000, 0x0000000089500000|100%| S|CS|TAMS 0x0000000089400000, 0x0000000089400000| Complete 
|  85|0x0000000089500000, 0x0000000089600000, 0x0000000089600000|100%| S|CS|TAMS 0x0000000089500000, 0x0000000089500000| Complete 
|  86|0x0000000089600000, 0x0000000089700000, 0x0000000089700000|100%| S|CS|TAMS 0x0000000089600000, 0x0000000089600000| Complete 
|  87|0x0000000089700000, 0x0000000089800000, 0x0000000089800000|100%| S|CS|TAMS 0x0000000089700000, 0x0000000089700000| Complete 
|  88|0x0000000089800000, 0x0000000089900000, 0x0000000089900000|100%| S|CS|TAMS 0x0000000089800000, 0x0000000089800000| Complete 
|  89|0x0000000089900000, 0x0000000089900000, 0x0000000089a00000|  0%| F|  |TAMS 0x0000000089900000, 0x0000000089900000| Untracked 
|  90|0x0000000089a00000, 0x0000000089a00000, 0x0000000089b00000|  0%| F|  |TAMS 0x0000000089a00000, 0x0000000089a00000| Untracked 
|  91|0x0000000089b00000, 0x0000000089b00000, 0x0000000089c00000|  0%| F|  |TAMS 0x0000000089b00000, 0x0000000089b00000| Untracked 
|  92|0x0000000089c00000, 0x0000000089c00000, 0x0000000089d00000|  0%| F|  |TAMS 0x0000000089c00000, 0x0000000089c00000| Untracked 
|  93|0x0000000089d00000, 0x0000000089d00000, 0x0000000089e00000|  0%| F|  |TAMS 0x0000000089d00000, 0x0000000089d00000| Untracked 
|  94|0x0000000089e00000, 0x0000000089e00000, 0x0000000089f00000|  0%| F|  |TAMS 0x0000000089e00000, 0x0000000089e00000| Untracked 
|  95|0x0000000089f00000, 0x0000000089f00000, 0x000000008a000000|  0%| F|  |TAMS 0x0000000089f00000, 0x0000000089f00000| Untracked 
|  96|0x000000008a000000, 0x000000008a000000, 0x000000008a100000|  0%| F|  |TAMS 0x000000008a000000, 0x000000008a000000| Untracked 
|  97|0x000000008a100000, 0x000000008a100000, 0x000000008a200000|  0%| F|  |TAMS 0x000000008a100000, 0x000000008a100000| Untracked 
|  98|0x000000008a200000, 0x000000008a200000, 0x000000008a300000|  0%| F|  |TAMS 0x000000008a200000, 0x000000008a200000| Untracked 
|  99|0x000000008a300000, 0x000000008a300000, 0x000000008a400000|  0%| F|  |TAMS 0x000000008a300000, 0x000000008a300000| Untracked 
| 100|0x000000008a400000, 0x000000008a400000, 0x000000008a500000|  0%| F|  |TAMS 0x000000008a400000, 0x000000008a400000| Untracked 
| 101|0x000000008a500000, 0x000000008a500000, 0x000000008a600000|  0%| F|  |TAMS 0x000000008a500000, 0x000000008a500000| Untracked 
| 102|0x000000008a600000, 0x000000008a600000, 0x000000008a700000|  0%| F|  |TAMS 0x000000008a600000, 0x000000008a600000| Untracked 
| 103|0x000000008a700000, 0x000000008a700000, 0x000000008a800000|  0%| F|  |TAMS 0x000000008a700000, 0x000000008a700000| Untracked 
| 104|0x000000008a800000, 0x000000008a800000, 0x000000008a900000|  0%| F|  |TAMS 0x000000008a800000, 0x000000008a800000| Untracked 
| 105|0x000000008a900000, 0x000000008a900000, 0x000000008aa00000|  0%| F|  |TAMS 0x000000008a900000, 0x000000008a900000| Untracked 
| 106|0x000000008aa00000, 0x000000008aa00000, 0x000000008ab00000|  0%| F|  |TAMS 0x000000008aa00000, 0x000000008aa00000| Untracked 
| 107|0x000000008ab00000, 0x000000008ab00000, 0x000000008ac00000|  0%| F|  |TAMS 0x000000008ab00000, 0x000000008ab00000| Untracked 
| 108|0x000000008ac00000, 0x000000008ac00000, 0x000000008ad00000|  0%| F|  |TAMS 0x000000008ac00000, 0x000000008ac00000| Untracked 
| 109|0x000000008ad00000, 0x000000008ad00000, 0x000000008ae00000|  0%| F|  |TAMS 0x000000008ad00000, 0x000000008ad00000| Untracked 
| 110|0x000000008ae00000, 0x000000008ae00000, 0x000000008af00000|  0%| F|  |TAMS 0x000000008ae00000, 0x000000008ae00000| Untracked 
| 111|0x000000008af00000, 0x000000008af00000, 0x000000008b000000|  0%| F|  |TAMS 0x000000008af00000, 0x000000008af00000| Untracked 
| 112|0x000000008b000000, 0x000000008b000000, 0x000000008b100000|  0%| F|  |TAMS 0x000000008b000000, 0x000000008b000000| Untracked 
| 113|0x000000008b100000, 0x000000008b100000, 0x000000008b200000|  0%| F|  |TAMS 0x000000008b100000, 0x000000008b100000| Untracked 
| 114|0x000000008b200000, 0x000000008b200000, 0x000000008b300000|  0%| F|  |TAMS 0x000000008b200000, 0x000000008b200000| Untracked 
| 115|0x000000008b300000, 0x000000008b300000, 0x000000008b400000|  0%| F|  |TAMS 0x000000008b300000, 0x000000008b300000| Untracked 
| 116|0x000000008b400000, 0x000000008b400000, 0x000000008b500000|  0%| F|  |TAMS 0x000000008b400000, 0x000000008b400000| Untracked 
| 117|0x000000008b500000, 0x000000008b500000, 0x000000008b600000|  0%| F|  |TAMS 0x000000008b500000, 0x000000008b500000| Untracked 
| 118|0x000000008b600000, 0x000000008b600000, 0x000000008b700000|  0%| F|  |TAMS 0x000000008b600000, 0x000000008b600000| Untracked 
| 119|0x000000008b700000, 0x000000008b700000, 0x000000008b800000|  0%| F|  |TAMS 0x000000008b700000, 0x000000008b700000| Untracked 
| 120|0x000000008b800000, 0x000000008b800000, 0x000000008b900000|  0%| F|  |TAMS 0x000000008b800000, 0x000000008b800000| Untracked 
| 121|0x000000008b900000, 0x000000008b900000, 0x000000008ba00000|  0%| F|  |TAMS 0x000000008b900000, 0x000000008b900000| Untracked 
| 122|0x000000008ba00000, 0x000000008ba00000, 0x000000008bb00000|  0%| F|  |TAMS 0x000000008ba00000, 0x000000008ba00000| Untracked 
| 123|0x000000008bb00000, 0x000000008bb00000, 0x000000008bc00000|  0%| F|  |TAMS 0x000000008bb00000, 0x000000008bb00000| Untracked 
| 124|0x000000008bc00000, 0x000000008bc00000, 0x000000008bd00000|  0%| F|  |TAMS 0x000000008bc00000, 0x000000008bc00000| Untracked 
| 125|0x000000008bd00000, 0x000000008bd00000, 0x000000008be00000|  0%| F|  |TAMS 0x000000008bd00000, 0x000000008bd00000| Untracked 
| 126|0x000000008be00000, 0x000000008be00000, 0x000000008bf00000|  0%| F|  |TAMS 0x000000008be00000, 0x000000008be00000| Untracked 
| 127|0x000000008bf00000, 0x000000008bf00000, 0x000000008c000000|  0%| F|  |TAMS 0x000000008bf00000, 0x000000008bf00000| Untracked 
| 128|0x000000008c000000, 0x000000008c000000, 0x000000008c100000|  0%| F|  |TAMS 0x000000008c000000, 0x000000008c000000| Untracked 
| 129|0x000000008c100000, 0x000000008c100000, 0x000000008c200000|  0%| F|  |TAMS 0x000000008c100000, 0x000000008c100000| Untracked 
| 130|0x000000008c200000, 0x000000008c200000, 0x000000008c300000|  0%| F|  |TAMS 0x000000008c200000, 0x000000008c200000| Untracked 
| 131|0x000000008c300000, 0x000000008c300000, 0x000000008c400000|  0%| F|  |TAMS 0x000000008c300000, 0x000000008c300000| Untracked 
| 132|0x000000008c400000, 0x000000008c400000, 0x000000008c500000|  0%| F|  |TAMS 0x000000008c400000, 0x000000008c400000| Untracked 
| 133|0x000000008c500000, 0x000000008c500000, 0x000000008c600000|  0%| F|  |TAMS 0x000000008c500000, 0x000000008c500000| Untracked 
| 134|0x000000008c600000, 0x000000008c600000, 0x000000008c700000|  0%| F|  |TAMS 0x000000008c600000, 0x000000008c600000| Untracked 
| 135|0x000000008c700000, 0x000000008c700000, 0x000000008c800000|  0%| F|  |TAMS 0x000000008c700000, 0x000000008c700000| Untracked 
| 136|0x000000008c800000, 0x000000008c900000, 0x000000008c900000|100%| E|  |TAMS 0x000000008c800000, 0x000000008c800000| Complete 
| 137|0x000000008c900000, 0x000000008ca00000, 0x000000008ca00000|100%| E|CS|TAMS 0x000000008c900000, 0x000000008c900000| Complete 
| 138|0x000000008ca00000, 0x000000008cb00000, 0x000000008cb00000|100%| E|CS|TAMS 0x000000008ca00000, 0x000000008ca00000| Complete 
| 139|0x000000008cb00000, 0x000000008cc00000, 0x000000008cc00000|100%| E|CS|TAMS 0x000000008cb00000, 0x000000008cb00000| Complete 
| 140|0x000000008cc00000, 0x000000008cd00000, 0x000000008cd00000|100%| E|CS|TAMS 0x000000008cc00000, 0x000000008cc00000| Complete 
| 141|0x000000008cd00000, 0x000000008ce00000, 0x000000008ce00000|100%| E|CS|TAMS 0x000000008cd00000, 0x000000008cd00000| Complete 
| 142|0x000000008ce00000, 0x000000008cf00000, 0x000000008cf00000|100%| E|CS|TAMS 0x000000008ce00000, 0x000000008ce00000| Complete 
| 143|0x000000008cf00000, 0x000000008d000000, 0x000000008d000000|100%| E|CS|TAMS 0x000000008cf00000, 0x000000008cf00000| Complete 
| 144|0x000000008d000000, 0x000000008d100000, 0x000000008d100000|100%| E|CS|TAMS 0x000000008d000000, 0x000000008d000000| Complete 
| 145|0x000000008d100000, 0x000000008d200000, 0x000000008d200000|100%| E|CS|TAMS 0x000000008d100000, 0x000000008d100000| Complete 
| 146|0x000000008d200000, 0x000000008d300000, 0x000000008d300000|100%| E|CS|TAMS 0x000000008d200000, 0x000000008d200000| Complete 
| 147|0x000000008d300000, 0x000000008d400000, 0x000000008d400000|100%| E|CS|TAMS 0x000000008d300000, 0x000000008d300000| Complete 
| 148|0x000000008d400000, 0x000000008d500000, 0x000000008d500000|100%| E|CS|TAMS 0x000000008d400000, 0x000000008d400000| Complete 
| 149|0x000000008d500000, 0x000000008d600000, 0x000000008d600000|100%| E|CS|TAMS 0x000000008d500000, 0x000000008d500000| Complete 
| 150|0x000000008d600000, 0x000000008d700000, 0x000000008d700000|100%| E|CS|TAMS 0x000000008d600000, 0x000000008d600000| Complete 
| 151|0x000000008d700000, 0x000000008d800000, 0x000000008d800000|100%| E|CS|TAMS 0x000000008d700000, 0x000000008d700000| Complete 
| 152|0x000000008d800000, 0x000000008d900000, 0x000000008d900000|100%| E|CS|TAMS 0x000000008d800000, 0x000000008d800000| Complete 
| 153|0x000000008d900000, 0x000000008da00000, 0x000000008da00000|100%| E|CS|TAMS 0x000000008d900000, 0x000000008d900000| Complete 
| 154|0x000000008da00000, 0x000000008db00000, 0x000000008db00000|100%| E|CS|TAMS 0x000000008da00000, 0x000000008da00000| Complete 
| 155|0x000000008db00000, 0x000000008dc00000, 0x000000008dc00000|100%| E|CS|TAMS 0x000000008db00000, 0x000000008db00000| Complete 
| 156|0x000000008dc00000, 0x000000008dd00000, 0x000000008dd00000|100%| E|CS|TAMS 0x000000008dc00000, 0x000000008dc00000| Complete 
| 157|0x000000008dd00000, 0x000000008de00000, 0x000000008de00000|100%| E|CS|TAMS 0x000000008dd00000, 0x000000008dd00000| Complete 
| 158|0x000000008de00000, 0x000000008df00000, 0x000000008df00000|100%| E|CS|TAMS 0x000000008de00000, 0x000000008de00000| Complete 
| 159|0x000000008df00000, 0x000000008e000000, 0x000000008e000000|100%| E|CS|TAMS 0x000000008df00000, 0x000000008df00000| Complete 
| 160|0x000000008e000000, 0x000000008e100000, 0x000000008e100000|100%| E|CS|TAMS 0x000000008e000000, 0x000000008e000000| Complete 
| 161|0x000000008e100000, 0x000000008e200000, 0x000000008e200000|100%| E|CS|TAMS 0x000000008e100000, 0x000000008e100000| Complete 
| 162|0x000000008e200000, 0x000000008e300000, 0x000000008e300000|100%| E|CS|TAMS 0x000000008e200000, 0x000000008e200000| Complete 
| 163|0x000000008e300000, 0x000000008e400000, 0x000000008e400000|100%| E|CS|TAMS 0x000000008e300000, 0x000000008e300000| Complete 
| 164|0x000000008e400000, 0x000000008e500000, 0x000000008e500000|100%| E|CS|TAMS 0x000000008e400000, 0x000000008e400000| Complete 
| 165|0x000000008e500000, 0x000000008e600000, 0x000000008e600000|100%| E|CS|TAMS 0x000000008e500000, 0x000000008e500000| Complete 
| 166|0x000000008e600000, 0x000000008e700000, 0x000000008e700000|100%| E|CS|TAMS 0x000000008e600000, 0x000000008e600000| Complete 
| 167|0x000000008e700000, 0x000000008e800000, 0x000000008e800000|100%| E|CS|TAMS 0x000000008e700000, 0x000000008e700000| Complete 
| 168|0x000000008e800000, 0x000000008e900000, 0x000000008e900000|100%| E|CS|TAMS 0x000000008e800000, 0x000000008e800000| Complete 
| 169|0x000000008e900000, 0x000000008ea00000, 0x000000008ea00000|100%| E|CS|TAMS 0x000000008e900000, 0x000000008e900000| Complete 
| 170|0x000000008ea00000, 0x000000008eb00000, 0x000000008eb00000|100%| E|CS|TAMS 0x000000008ea00000, 0x000000008ea00000| Complete 
| 171|0x000000008eb00000, 0x000000008ec00000, 0x000000008ec00000|100%| E|CS|TAMS 0x000000008eb00000, 0x000000008eb00000| Complete 
| 172|0x000000008ec00000, 0x000000008ed00000, 0x000000008ed00000|100%| E|CS|TAMS 0x000000008ec00000, 0x000000008ec00000| Complete 
| 173|0x000000008ed00000, 0x000000008ee00000, 0x000000008ee00000|100%| E|CS|TAMS 0x000000008ed00000, 0x000000008ed00000| Complete 
| 174|0x000000008ee00000, 0x000000008ef00000, 0x000000008ef00000|100%| E|CS|TAMS 0x000000008ee00000, 0x000000008ee00000| Complete 
| 175|0x000000008ef00000, 0x000000008f000000, 0x000000008f000000|100%| E|CS|TAMS 0x000000008ef00000, 0x000000008ef00000| Complete 
| 176|0x000000008f000000, 0x000000008f100000, 0x000000008f100000|100%| E|CS|TAMS 0x000000008f000000, 0x000000008f000000| Complete 
| 177|0x000000008f100000, 0x000000008f200000, 0x000000008f200000|100%| E|CS|TAMS 0x000000008f100000, 0x000000008f100000| Complete 
| 178|0x000000008f200000, 0x000000008f300000, 0x000000008f300000|100%| E|CS|TAMS 0x000000008f200000, 0x000000008f200000| Complete 

Card table byte_map: [0x0000023140ef0000,0x00000231412d0000] _byte_map_base: 0x0000023140ad0000

Marking Bits (Prev, Next): (CMBitMap*) 0x00000231293cd150, (CMBitMap*) 0x00000231293cd118
 Prev Bits: [0x00000231435b0000, 0x00000231454b0000)
 Next Bits: [0x00000231416b0000, 0x00000231435b0000)

Polling page: 0x0000023128b70000

Metaspace:

Usage:
  Non-class:     72.17 MB capacity,    71.66 MB (>99%) used,   380.99 KB ( <1%) free+waste,   136.38 KB ( <1%) overhead. 
      Class:      9.19 MB capacity,     8.83 MB ( 96%) used,   307.82 KB (  3%) free+waste,    57.50 KB ( <1%) overhead. 
       Both:     81.35 MB capacity,    80.49 MB ( 99%) used,   688.81 KB ( <1%) free+waste,   193.88 KB ( <1%) overhead. 

Virtual space:
  Non-class space:       74.00 MB reserved,      72.25 MB ( 98%) committed 
      Class space:        1.00 GB reserved,       9.25 MB ( <1%) committed 
             Both:        1.07 GB reserved,      81.50 MB (  7%) committed 

Chunk freelists:
   Non-Class:  21.00 KB
       Class:  2.00 KB
        Both:  23.00 KB

MaxMetaspaceSize: 17179869184.00 GB
CompressedClassSpaceSize: 1.00 GB
Initial GC threshold: 20.80 MB
Current GC threshold: 98.34 MB
CDS: off

CodeHeap 'non-profiled nmethods': size=120064Kb used=6218Kb max_used=6218Kb free=113845Kb
 bounds [0x00000231395d0000, 0x0000023139bf0000, 0x0000023140b10000]
CodeHeap 'profiled nmethods': size=120000Kb used=38223Kb max_used=38223Kb free=81776Kb
 bounds [0x00000231320a0000, 0x0000023134600000, 0x00000231395d0000]
CodeHeap 'non-nmethods': size=5696Kb used=1393Kb max_used=1410Kb free=4302Kb
 bounds [0x0000023131b10000, 0x0000023131d80000, 0x00000231320a0000]
 total_blobs=12743 nmethods=12064 adapters=584
 compilation: enabled
              stopped_count=0, restarted_count=0
 full_count=0

Compilation events (20 events):
Event: 27.089 Thread 0x00000231479bf800 12086       1       org.jetbrains.kotlin.ir.builders.IrGeneratorContextBase::getIrBuiltIns (5 bytes)
Event: 27.089 Thread 0x00000231479bf800 nmethod 12086 0x0000023139be1690 code [0x0000023139be1840, 0x0000023139be18f8]
Event: 27.096 Thread 0x00000231479bf800 12089       3       org.jetbrains.kotlin.ir.declarations.lazy.LazyScopedTypeParametersResolver::enterTypeParameterScope (15 bytes)
Event: 27.097 Thread 0x00000231479bf800 nmethod 12089 0x00000231345d3910 code [0x00000231345d3b40, 0x00000231345d4128]
Event: 27.097 Thread 0x00000231479bf800 12090       3       org.jetbrains.kotlin.ir.declarations.lazy.IrLazySymbolTable::enterScope (15 bytes)
Event: 27.098 Thread 0x00000231479bf800 nmethod 12090 0x00000231345d4390 code [0x00000231345d4660, 0x00000231345d51f8]
Event: 27.098 Thread 0x00000231479bf800 12091       3       org.jetbrains.kotlin.ir.declarations.lazy.LazyScopedTypeParametersResolver::leaveTypeParameterScope (9 bytes)
Event: 27.098 Thread 0x00000231479bf800 nmethod 12091 0x00000231345d5690 code [0x00000231345d5860, 0x00000231345d5b18]
Event: 27.099 Thread 0x00000231479bf800 12092       3       org.jetbrains.kotlin.backend.common.lower.TailrecLowering$lower$1::visitExpression (6 bytes)
Event: 27.100 Thread 0x00000231479bf800 nmethod 12092 0x00000231345d5c90 code [0x00000231345d5fc0, 0x00000231345d6fc8]
Event: 27.101 Thread 0x00000231479bf800 12093       3       org.jetbrains.kotlin.backend.common.lower.TailrecLowering$lower$1::visitDeclarationReference (6 bytes)
Event: 27.102 Thread 0x00000231479bf800 nmethod 12093 0x00000231345d7590 code [0x00000231345d78c0, 0x00000231345d8748]
Event: 27.102 Thread 0x00000231479bf800 12094       2       org.jetbrains.kotlin.ir.declarations.impl.IrFunctionCommonImpl::setValueParameters (12 bytes)
Event: 27.103 Thread 0x00000231479bf800 nmethod 12094 0x00000231345d8c90 code [0x00000231345d8e80, 0x00000231345d9178]
Event: 27.105 Thread 0x00000231479bf800 12095       3       org.jetbrains.kotlin.backend.common.lower.LocalDeclarationsLowering$LocalDeclarationsTransformer$collectLocalDeclarations$1::visitDeclarationReference (13 bytes)
Event: 27.106 Thread 0x00000231479bf800 nmethod 12095 0x00000231345d9390 code [0x00000231345d9620, 0x00000231345da018]
Event: 27.117 Thread 0x00000231479bf800 12096       1       org.jetbrains.kotlin.ir.types.impl.IrSimpleTypeImpl::getAbbreviation (5 bytes)
Event: 27.117 Thread 0x00000231479bf800 nmethod 12096 0x0000023139be1990 code [0x0000023139be1b40, 0x0000023139be1bf8]
Event: 27.117 Thread 0x00000231479bf800 12097       3       org.jetbrains.kotlin.ir.symbols.impl.IrVariableSymbolImpl::getOwner (8 bytes)
Event: 27.117 Thread 0x00000231479bf800 nmethod 12097 0x00000231345da390 code [0x00000231345da560, 0x00000231345da7e8]

GC Heap History (20 events):
Event: 0.777 GC heap before
{Heap before GC invocations=0 (full 0):
 garbage-first heap   total 126976K, used 17408K [0x0000000084000000, 0x0000000100000000)
  region size 1024K, 14 young (14336K), 0 survivors (0K)
 Metaspace       used 9862K, capacity 9966K, committed 10112K, reserved 1058816K
  class space    used 826K, capacity 853K, committed 896K, reserved 1048576K
}
Event: 0.785 GC heap after
{Heap after GC invocations=1 (full 0):
 garbage-first heap   total 126976K, used 5351K [0x0000000084000000, 0x0000000100000000)
  region size 1024K, 2 young (2048K), 2 survivors (2048K)
 Metaspace       used 9862K, capacity 9966K, committed 10112K, reserved 1058816K
  class space    used 826K, capacity 853K, committed 896K, reserved 1048576K
}
Event: 2.553 GC heap before
{Heap before GC invocations=1 (full 0):
 garbage-first heap   total 126976K, used 51431K [0x0000000084000000, 0x0000000100000000)
  region size 1024K, 48 young (49152K), 2 survivors (2048K)
 Metaspace       used 21002K, capacity 21178K, committed 21248K, reserved 1069056K
  class space    used 2199K, capacity 2280K, committed 2304K, reserved 1048576K
}
Event: 2.569 GC heap after
{Heap after GC invocations=2 (full 0):
 garbage-first heap   total 126976K, used 9221K [0x0000000084000000, 0x0000000100000000)
  region size 1024K, 6 young (6144K), 6 survivors (6144K)
 Metaspace       used 21002K, capacity 21178K, committed 21248K, reserved 1069056K
  class space    used 2199K, capacity 2280K, committed 2304K, reserved 1048576K
}
Event: 4.998 GC heap before
{Heap before GC invocations=3 (full 0):
 garbage-first heap   total 126976K, used 62469K [0x0000000084000000, 0x0000000100000000)
  region size 1024K, 53 young (54272K), 6 survivors (6144K)
 Metaspace       used 32453K, capacity 32885K, committed 32896K, reserved 1077248K
  class space    used 4015K, capacity 4214K, committed 4224K, reserved 1048576K
}
Event: 5.027 GC heap after
{Heap after GC invocations=4 (full 0):
 garbage-first heap   total 126976K, used 20914K [0x0000000084000000, 0x0000000100000000)
  region size 1024K, 7 young (7168K), 7 survivors (7168K)
 Metaspace       used 32453K, capacity 32885K, committed 32896K, reserved 1077248K
  class space    used 4015K, capacity 4214K, committed 4224K, reserved 1048576K
}
Event: 5.647 GC heap before
{Heap before GC invocations=4 (full 0):
 garbage-first heap   total 126976K, used 33202K [0x0000000084000000, 0x0000000100000000)
  region size 1024K, 20 young (20480K), 7 survivors (7168K)
 Metaspace       used 35265K, capacity 35680K, committed 35840K, reserved 1081344K
  class space    used 4316K, capacity 4506K, committed 4608K, reserved 1048576K
}
Event: 5.662 GC heap after
{Heap after GC invocations=5 (full 0):
 garbage-first heap   total 126976K, used 20475K [0x0000000084000000, 0x0000000100000000)
  region size 1024K, 2 young (2048K), 2 survivors (2048K)
 Metaspace       used 35265K, capacity 35680K, committed 35840K, reserved 1081344K
  class space    used 4316K, capacity 4506K, committed 4608K, reserved 1048576K
}
Event: 7.905 GC heap before
{Heap before GC invocations=6 (full 0):
 garbage-first heap   total 126976K, used 79867K [0x0000000084000000, 0x0000000100000000)
  region size 1024K, 58 young (59392K), 2 survivors (2048K)
 Metaspace       used 47916K, capacity 48455K, committed 48640K, reserved 1091584K
  class space    used 5596K, capacity 5829K, committed 5888K, reserved 1048576K
}
Event: 7.921 GC heap after
{Heap after GC invocations=7 (full 0):
 garbage-first heap   total 152576K, used 27370K [0x0000000084000000, 0x0000000100000000)
  region size 1024K, 7 young (7168K), 7 survivors (7168K)
 Metaspace       used 47916K, capacity 48455K, committed 48640K, reserved 1091584K
  class space    used 5596K, capacity 5829K, committed 5888K, reserved 1048576K
}
Event: 10.486 GC heap before
{Heap before GC invocations=7 (full 0):
 garbage-first heap   total 152576K, used 94954K [0x0000000084000000, 0x0000000100000000)
  region size 1024K, 72 young (73728K), 7 survivors (7168K)
 Metaspace       used 56143K, capacity 56903K, committed 57216K, reserved 1099776K
  class space    used 6624K, capacity 6941K, committed 7040K, reserved 1048576K
}
Event: 10.509 GC heap after
{Heap after GC invocations=8 (full 0):
 garbage-first heap   total 152576K, used 33714K [0x0000000084000000, 0x0000000100000000)
  region size 1024K, 7 young (7168K), 7 survivors (7168K)
 Metaspace       used 56143K, capacity 56903K, committed 57216K, reserved 1099776K
  class space    used 6624K, capacity 6941K, committed 7040K, reserved 1048576K
}
Event: 12.635 GC heap before
{Heap before GC invocations=8 (full 0):
 garbage-first heap   total 152576K, used 54194K [0x0000000084000000, 0x0000000100000000)
  region size 1024K, 28 young (28672K), 7 survivors (7168K)
 Metaspace       used 59399K, capacity 60143K, committed 60160K, reserved 1101824K
  class space    used 6956K, capacity 7288K, committed 7296K, reserved 1048576K
}
Event: 12.651 GC heap after
{Heap after GC invocations=9 (full 0):
 garbage-first heap   total 152576K, used 37260K [0x0000000084000000, 0x0000000100000000)
  region size 1024K, 4 young (4096K), 4 survivors (4096K)
 Metaspace       used 59399K, capacity 60143K, committed 60160K, reserved 1101824K
  class space    used 6956K, capacity 7288K, committed 7296K, reserved 1048576K
}
Event: 16.627 GC heap before
{Heap before GC invocations=10 (full 0):
 garbage-first heap   total 152576K, used 107916K [0x0000000084000000, 0x0000000100000000)
  region size 1024K, 73 young (74752K), 4 survivors (4096K)
 Metaspace       used 62466K, capacity 63291K, committed 63360K, reserved 1105920K
  class space    used 7197K, capacity 7545K, committed 7552K, reserved 1048576K
}
Event: 16.651 GC heap after
{Heap after GC invocations=11 (full 0):
 garbage-first heap   total 152576K, used 46829K [0x0000000084000000, 0x0000000100000000)
  region size 1024K, 10 young (10240K), 10 survivors (10240K)
 Metaspace       used 62466K, capacity 63291K, committed 63360K, reserved 1105920K
  class space    used 7197K, capacity 7545K, committed 7552K, reserved 1048576K
}
Event: 22.618 GC heap before
{Heap before GC invocations=11 (full 0):
 garbage-first heap   total 152576K, used 114413K [0x0000000084000000, 0x0000000100000000)
  region size 1024K, 75 young (76800K), 10 survivors (10240K)
 Metaspace       used 67041K, capacity 67924K, committed 68096K, reserved 1110016K
  class space    used 7472K, capacity 7836K, committed 7936K, reserved 1048576K
}
Event: 22.651 GC heap after
{Heap after GC invocations=12 (full 0):
 garbage-first heap   total 152576K, used 55147K [0x0000000084000000, 0x0000000100000000)
  region size 1024K, 8 young (8192K), 8 survivors (8192K)
 Metaspace       used 67041K, capacity 67924K, committed 68096K, reserved 1110016K
  class space    used 7472K, capacity 7836K, committed 7936K, reserved 1048576K
}
Event: 25.649 GC heap before
{Heap before GC invocations=12 (full 0):
 garbage-first heap   total 152576K, used 116587K [0x0000000084000000, 0x0000000100000000)
  region size 1024K, 68 young (69632K), 8 survivors (8192K)
 Metaspace       used 74461K, capacity 75351K, committed 75648K, reserved 1116160K
  class space    used 8152K, capacity 8504K, committed 8576K, reserved 1048576K
}
Event: 25.676 GC heap after
{Heap after GC invocations=13 (full 0):
 garbage-first heap   total 183296K, used 61952K [0x0000000084000000, 0x0000000100000000)
  region size 1024K, 7 young (7168K), 7 survivors (7168K)
 Metaspace       used 74461K, capacity 75351K, committed 75648K, reserved 1116160K
  class space    used 8152K, capacity 8504K, committed 8576K, reserved 1048576K
}

Deoptimization events (20 events):
Event: 26.998 Thread 0x000002312938e800 Uncommon trap: trap_request=0xffffffc6 fr.pc=0x0000023139bdd244 relative=0x0000000000001464
Event: 26.998 Thread 0x000002312938e800 Uncommon trap: reason=bimorphic_or_optimized_type_check action=maybe_recompile pc=0x0000023139bdd244 method=org.jetbrains.kotlin.ir.declarations.IrFunction.transformChildren(Lorg/jetbrains/kotlin/ir/visitors/IrElementTransformer;Ljava/lang/Object;)V @ 87 
Event: 26.998 Thread 0x000002312938e800 DEOPT PACKING pc=0x0000023139bdd244 sp=0x00000096b77fd300
Event: 26.998 Thread 0x000002312938e800 DEOPT UNPACKING pc=0x0000023131b185af sp=0x00000096b77fd2f0 mode 2
Event: 26.999 Thread 0x000002312938e800 Uncommon trap: trap_request=0xffffffc6 fr.pc=0x0000023139bdd244 relative=0x0000000000001464
Event: 26.999 Thread 0x000002312938e800 Uncommon trap: reason=bimorphic_or_optimized_type_check action=maybe_recompile pc=0x0000023139bdd244 method=org.jetbrains.kotlin.ir.declarations.IrFunction.transformChildren(Lorg/jetbrains/kotlin/ir/visitors/IrElementTransformer;Ljava/lang/Object;)V @ 87 
Event: 26.999 Thread 0x000002312938e800 DEOPT PACKING pc=0x0000023139bdd244 sp=0x00000096b77fce50
Event: 26.999 Thread 0x000002312938e800 DEOPT UNPACKING pc=0x0000023131b185af sp=0x00000096b77fce40 mode 2
Event: 27.003 Thread 0x000002312938e800 Uncommon trap: trap_request=0xffffffc6 fr.pc=0x0000023139bdd244 relative=0x0000000000001464
Event: 27.003 Thread 0x000002312938e800 Uncommon trap: reason=bimorphic_or_optimized_type_check action=maybe_recompile pc=0x0000023139bdd244 method=org.jetbrains.kotlin.ir.declarations.IrFunction.transformChildren(Lorg/jetbrains/kotlin/ir/visitors/IrElementTransformer;Ljava/lang/Object;)V @ 87 
Event: 27.003 Thread 0x000002312938e800 DEOPT PACKING pc=0x0000023139bdd244 sp=0x00000096b77fd0c0
Event: 27.003 Thread 0x000002312938e800 DEOPT UNPACKING pc=0x0000023131b185af sp=0x00000096b77fd0b0 mode 2
Event: 27.119 Thread 0x000002312938e800 Uncommon trap: trap_request=0xffffffc6 fr.pc=0x0000023139a9dcc0 relative=0x00000000000007a0
Event: 27.119 Thread 0x000002312938e800 Uncommon trap: reason=bimorphic_or_optimized_type_check action=maybe_recompile pc=0x0000023139a9dcc0 method=kotlin.text.StringsKt__AppendableKt.appendElement(Ljava/lang/Appendable;Ljava/lang/Object;Lkotlin/jvm/functions/Function1;)V @ 15 c2
Event: 27.119 Thread 0x000002312938e800 DEOPT PACKING pc=0x0000023139a9dcc0 sp=0x00000096b77fd130
Event: 27.119 Thread 0x000002312938e800 DEOPT UNPACKING pc=0x0000023131b185af sp=0x00000096b77fd108 mode 2
Event: 27.120 Thread 0x000002312938e800 Uncommon trap: trap_request=0xffffffc6 fr.pc=0x0000023139a9dcc0 relative=0x00000000000007a0
Event: 27.120 Thread 0x000002312938e800 Uncommon trap: reason=bimorphic_or_optimized_type_check action=maybe_recompile pc=0x0000023139a9dcc0 method=kotlin.text.StringsKt__AppendableKt.appendElement(Ljava/lang/Appendable;Ljava/lang/Object;Lkotlin/jvm/functions/Function1;)V @ 15 c2
Event: 27.120 Thread 0x000002312938e800 DEOPT PACKING pc=0x0000023139a9dcc0 sp=0x00000096b77fd130
Event: 27.120 Thread 0x000002312938e800 DEOPT UNPACKING pc=0x0000023131b185af sp=0x00000096b77fd108 mode 2

Classes redefined (0 events):
No events

Internal exceptions (20 events):
Event: 12.675 Thread 0x000002312938e800 Exception <a 'java/lang/NoSuchMethodError'{0x000000008d46a218}: 'int java.lang.invoke.DirectMethodHandle$Holder.invokeInterface(java.lang.Object, java.lang.Object)'> (0x000000008d46a218) thrown at [s\src\hotspot\share\interpreter\linkResolver.cpp, line 773]
Event: 14.408 Thread 0x000002312938e800 Exception <a 'java/lang/NoSuchMethodError'{0x000000008acac698}: 'java.lang.Object java.lang.invoke.DirectMethodHandle$Holder.invokeStatic(java.lang.Object, int, java.lang.Object, java.lang.Object)'> (0x000000008acac698) thrown at [s\src\hotspot\share\interpreter\linkResolver.cpp, line 773]
Event: 14.425 Thread 0x000002312938e800 Exception <a 'java/lang/NoSuchMethodError'{0x000000008acb3e60}: 'java.lang.Object java.lang.invoke.DirectMethodHandle$Holder.invokeStatic(java.lang.Object, int, java.lang.Object)'> (0x000000008acb3e60) thrown at [s\src\hotspot\share\interpreter\linkResolver.cpp, line 773]
Event: 15.049 Thread 0x000002312938e800 Implicit null exception at 0x000002313962c95e to 0x000002313962d0ca
Event: 15.226 Thread 0x000002312938e800 Exception <a 'java/lang/NoSuchMethodError'{0x0000000089de2640}: 'java.lang.Object java.lang.invoke.Invokers$Holder.linkToTargetMethod(java.lang.Object, java.lang.Object, java.lang.Object, int, int, java.lang.Object)'> (0x0000000089de2640) thrown at [s\src\hotspot\share\interpreter\linkResolver.cpp, line 773]
Event: 16.054 Thread 0x000002312938e800 Implicit null exception at 0x00000231398a22fc to 0x00000231398a3460
Event: 16.408 Thread 0x000002312938e800 Implicit null exception at 0x0000023139924baf to 0x000002313992c9c4
Event: 16.475 Thread 0x000002312938e800 Implicit null exception at 0x0000023139907183 to 0x00000231399074d8
Event: 16.585 Thread 0x000002312938e800 Exception <a 'java/lang/NoSuchMethodError'{0x0000000088c0cbf8}: 'int java.lang.invoke.DirectMethodHandle$Holder.invokeStaticInit(java.lang.Object, int)'> (0x0000000088c0cbf8) thrown at [s\src\hotspot\share\interpreter\linkResolver.cpp, line 773]
Event: 16.757 Thread 0x000002312938e800 Implicit null exception at 0x00000231395ee877 to 0x00000231395eed84
Event: 16.851 Thread 0x000002312938e800 Implicit null exception at 0x00000231395ec9f4 to 0x00000231395eced4
Event: 17.436 Thread 0x000002312938e800 Exception <a 'java/lang/NoSuchMethodError'{0x000000008cddcff8}: 'java.lang.Object java.lang.invoke.DirectMethodHandle$Holder.invokeInterface(java.lang.Object, java.lang.Object, java.lang.Object)'> (0x000000008cddcff8) thrown at [s\src\hotspot\share\interpreter\linkResolver.cpp, line 773]
Event: 17.436 Thread 0x000002312938e800 Exception <a 'java/lang/IncompatibleClassChangeError'{0x000000008cde0228}: Found class java.lang.Object, but interface was expected> (0x000000008cde0228) thrown at [s\src\hotspot\share\interpreter\linkResolver.cpp, line 839]
Event: 17.450 Thread 0x000002312938e800 Exception <a 'java/lang/NoSuchMethodError'{0x000000008cc19e10}: 'java.lang.Object java.lang.invoke.Invokers$Holder.linkToTargetMethod(java.lang.Object, java.lang.Object, java.lang.Object, java.lang.Object, java.lang.Object, java.lang.Object, java.lang.Object)'> (0x000000008cc19e10) thrown at [s\src\hotspot\share\interpreter\linkResolver.cpp, line 773]
Event: 22.753 Thread 0x000002312938e800 Implicit null exception at 0x000002313962a275 to 0x000002313962a43c
Event: 23.126 Thread 0x000002312938e800 Implicit null exception at 0x0000023139a12e00 to 0x0000023139a130ec
Event: 23.126 Thread 0x000002312938e800 Implicit null exception at 0x00000231398ad479 to 0x00000231398ad754
Event: 23.463 Thread 0x000002312938e800 Exception <a 'java/lang/NoSuchMethodError'{0x000000008c7a4d10}: 'java.lang.Object java.lang.invoke.DirectMethodHandle$Holder.invokeStaticInit(java.lang.Object, java.lang.Object, java.lang.Object, java.lang.Object)'> (0x000000008c7a4d10) thrown at [s\src\hotspot\share\interpreter\linkResolver.cpp, line 773]
Event: 23.762 Thread 0x000002312938e800 Exception <a 'java/lang/NoSuchMethodError'{0x000000008bd07130}: 'int java.lang.invoke.DirectMethodHandle$Holder.invokeStaticInit(java.lang.Object, java.lang.Object, java.lang.Object, java.lang.Object)'> (0x000000008bd07130) thrown at [s\src\hotspot\share\interpreter\linkResolver.cpp, line 773]
Event: 24.052 Thread 0x000002312938e800 Implicit null exception at 0x0000023139637ff4 to 0x000002313963820c

Events (20 events):
Event: 27.116 loading class org/jetbrains/kotlin/backend/common/lower/ClosureAnnotator$ClosureBuilder
Event: 27.116 loading class org/jetbrains/kotlin/backend/common/lower/ClosureAnnotator$ClosureBuilder done
Event: 27.118 loading class org/jetbrains/kotlin/backend/common/lower/Closure
Event: 27.118 loading class org/jetbrains/kotlin/backend/common/lower/Closure done
Event: 27.118 loading class org/jetbrains/kotlin/backend/common/lower/LocalDeclarationsLoweringKt$parentsWithSelf$1
Event: 27.118 loading class org/jetbrains/kotlin/backend/common/lower/LocalDeclarationsLoweringKt$parentsWithSelf$1 done
Event: 27.119 loading class org/jetbrains/kotlin/backend/common/lower/LocalDeclarationsLowering$LocalDeclarationsTransformer$generateNameForLiftedDeclaration$parents$1
Event: 27.119 loading class org/jetbrains/kotlin/backend/common/lower/LocalDeclarationsLowering$LocalDeclarationsTransformer$generateNameForLiftedDeclaration$parents$1 done
Event: 27.119 loading class org/jetbrains/kotlin/backend/common/lower/LocalDeclarationsLowering$LocalDeclarationsTransformer$generateNameForLiftedDeclaration$nameFromParents$1
Event: 27.119 loading class org/jetbrains/kotlin/backend/common/lower/LocalDeclarationsLowering$LocalDeclarationsTransformer$generateNameForLiftedDeclaration$nameFromParents$1 done
Event: 27.119 loading class org/jetbrains/kotlin/backend/common/lower/LocalNameProvider$DefaultImpls
Event: 27.119 loading class org/jetbrains/kotlin/backend/common/lower/LocalNameProvider$DefaultImpls done
Event: 27.120 loading class org/jetbrains/kotlin/ir/declarations/IrDeclarationOrigin$LOCAL_FUNCTION
Event: 27.120 loading class org/jetbrains/kotlin/ir/declarations/IrDeclarationOrigin$LOCAL_FUNCTION done
Event: 27.120 loading class org/jetbrains/kotlin/backend/common/lower/BOUND_VALUE_PARAMETER
Event: 27.120 loading class org/jetbrains/kotlin/backend/common/lower/BOUND_VALUE_PARAMETER done
Event: 27.121 loading class org/jetbrains/kotlin/backend/common/lower/LocalDeclarationsLowering$LocalDeclarationsTransformer$FunctionBodiesRewriter
Event: 27.121 loading class org/jetbrains/kotlin/backend/common/lower/LocalDeclarationsLowering$LocalDeclarationsTransformer$FunctionBodiesRewriter done
Event: 27.122 Executing VM operation: Deoptimize
Event: 27.123 Executing VM operation: Deoptimize done


Dynamic libraries:
0x00007ff797820000 - 0x00007ff79782d000 	C:\Program Files\Microsoft\jdk-11.0.20.8-hotspot\bin\java.exe
0x00007ffcd3e70000 - 0x00007ffcd4068000 	C:\Windows\SYSTEM32\ntdll.dll
0x00007ffcd2be0000 - 0x00007ffcd2c9d000 	C:\Windows\System32\KERNEL32.DLL
0x00007ffcd15c0000 - 0x00007ffcd18b6000 	C:\Windows\System32\KERNELBASE.dll
0x00007ffcd1a20000 - 0x00007ffcd1b20000 	C:\Windows\System32\ucrtbase.dll
0x00007ffcbd3f0000 - 0x00007ffcbd407000 	C:\Program Files\Microsoft\jdk-11.0.20.8-hotspot\bin\jli.dll
0x00007ffcd3b20000 - 0x00007ffcd3cbe000 	C:\Windows\System32\USER32.dll
0x00007ffcd1da0000 - 0x00007ffcd1dc2000 	C:\Windows\System32\win32u.dll
0x00007ffcd2710000 - 0x00007ffcd273c000 	C:\Windows\System32\GDI32.dll
0x00007ffcc78f0000 - 0x00007ffcc7905000 	C:\Program Files\Microsoft\jdk-11.0.20.8-hotspot\bin\VCRUNTIME140.dll
0x00007ffcca530000 - 0x00007ffcca7ca000 	C:\Windows\WinSxS\amd64_microsoft.windows.common-controls_6595b64144ccf1df_6.0.19041.1110_none_60b5254171f9507e\COMCTL32.dll
0x00007ffcd24e0000 - 0x00007ffcd257e000 	C:\Windows\System32\msvcrt.dll
0x00007ffcd1b50000 - 0x00007ffcd1c6a000 	C:\Windows\System32\gdi32full.dll
0x00007ffcd1d00000 - 0x00007ffcd1d9d000 	C:\Windows\System32\msvcp_win.dll
0x00007ffcd2830000 - 0x00007ffcd2860000 	C:\Windows\System32\IMM32.DLL
0x00007ffca37d0000 - 0x00007ffca386b000 	C:\Program Files\Microsoft\jdk-11.0.20.8-hotspot\bin\msvcp140.dll
0x00007ffc95940000 - 0x00007ffc964d6000 	C:\Program Files\Microsoft\jdk-11.0.20.8-hotspot\bin\server\jvm.dll
0x00007ffcd2ca0000 - 0x00007ffcd2d4e000 	C:\Windows\System32\ADVAPI32.dll
0x00007ffcd2370000 - 0x00007ffcd240c000 	C:\Windows\System32\sechost.dll
0x00007ffcd2580000 - 0x00007ffcd26a6000 	C:\Windows\System32\RPCRT4.dll
0x00007ffcd2860000 - 0x00007ffcd2868000 	C:\Windows\System32\PSAPI.DLL
0x00007ffccb6b0000 - 0x00007ffccb6b9000 	C:\Windows\SYSTEM32\WSOCK32.dll
0x00007ffcbfd50000 - 0x00007ffcbfd77000 	C:\Windows\SYSTEM32\WINMM.dll
0x00007ffcd3220000 - 0x00007ffcd328b000 	C:\Windows\System32\WS2_32.dll
0x00007ffccaa40000 - 0x00007ffccaa4a000 	C:\Windows\SYSTEM32\VERSION.dll
0x00007ffccfd70000 - 0x00007ffccfd82000 	C:\Windows\SYSTEM32\kernel.appcore.dll
0x00007ffccac20000 - 0x00007ffccac30000 	C:\Program Files\Microsoft\jdk-11.0.20.8-hotspot\bin\verify.dll
0x00007ffccfa70000 - 0x00007ffccfc54000 	C:\Windows\SYSTEM32\DBGHELP.DLL
0x00007ffcc9100000 - 0x00007ffcc9134000 	C:\Windows\SYSTEM32\dbgcore.DLL
0x00007ffcd1c70000 - 0x00007ffcd1cf2000 	C:\Windows\System32\bcryptPrimitives.dll
0x00007ffcace50000 - 0x00007ffcace78000 	C:\Program Files\Microsoft\jdk-11.0.20.8-hotspot\bin\java.dll
0x00007ffcbded0000 - 0x00007ffcbdeda000 	C:\Program Files\Microsoft\jdk-11.0.20.8-hotspot\bin\jimage.dll
0x00007ffcb4d30000 - 0x00007ffcb4d48000 	C:\Program Files\Microsoft\jdk-11.0.20.8-hotspot\bin\zip.dll
0x00007ffcd3290000 - 0x00007ffcd39d5000 	C:\Windows\System32\SHELL32.dll
0x00007ffccf200000 - 0x00007ffccf99b000 	C:\Windows\SYSTEM32\windows.storage.dll
0x00007ffcd2880000 - 0x00007ffcd2bd4000 	C:\Windows\System32\combase.dll
0x00007ffcd0f90000 - 0x00007ffcd0fbe000 	C:\Windows\SYSTEM32\Wldp.dll
0x00007ffcd20b0000 - 0x00007ffcd215d000 	C:\Windows\System32\SHCORE.dll
0x00007ffcd2160000 - 0x00007ffcd21b5000 	C:\Windows\System32\shlwapi.dll
0x00007ffcd1480000 - 0x00007ffcd14a5000 	C:\Windows\SYSTEM32\profapi.dll
0x00007ffcb3db0000 - 0x00007ffcb3dc9000 	C:\Program Files\Microsoft\jdk-11.0.20.8-hotspot\bin\net.dll
0x00007ffcc24d0000 - 0x00007ffcc25da000 	C:\Windows\SYSTEM32\WINHTTP.dll
0x00007ffcd0cf0000 - 0x00007ffcd0d5a000 	C:\Windows\system32\mswsock.dll
0x00007ffcb2360000 - 0x00007ffcb2373000 	C:\Program Files\Microsoft\jdk-11.0.20.8-hotspot\bin\nio.dll

dbghelp: loaded successfully - version: 4.0.5 - missing functions: none
symbol engine: initialized successfully - sym options: 0x614 - pdb path: .;C:\Program Files\Microsoft\jdk-11.0.20.8-hotspot\bin;C:\Windows\SYSTEM32;C:\Windows\WinSxS\amd64_microsoft.windows.common-controls_6595b64144ccf1df_6.0.19041.1110_none_60b5254171f9507e;C:\Program Files\Microsoft\jdk-11.0.20.8-hotspot\bin\server

VM Arguments:
java_command: org.jetbrains.kotlin.cli.jvm.K2JVMCompiler @C:\Users\KabeerAliAlvi\LoginSignup\node_modules\react-native-safe-area-context\android\build\20230930_8581365702424206352.compiler.options
java_class_path (initial): C:\Users\KabeerAliAlvi\.gradle\caches\modules-2\files-2.1\org.jetbrains.kotlin\kotlin-compiler-embeddable\1.6.20\18f66cca4301c12893ebe4ef47d65c3d9d2bff9b\kotlin-compiler-embeddable-1.6.20.jar;C:\Users\KabeerAliAlvi\.gradle\caches\modules-2\files-2.1\org.jetbrains.kotlin\kotlin-reflect\1.6.20\669965154723f1a712e8677af0cc5470dfdab81c\kotlin-reflect-1.6.20.jar;C:\Users\KabeerAliAlvi\.gradle\caches\modules-2\files-2.1\org.jetbrains.kotlin\kotlin-stdlib\1.6.20\6cedc143badbb4f1c6b7f5a340b04edff1743208\kotlin-stdlib-1.6.20.jar;C:\Users\KabeerAliAlvi\.gradle\caches\modules-2\files-2.1\org.jetbrains.kotlin\kotlin-script-runtime\1.6.20\a115c367e0fd9c8909293b208689afca0c88a6f1\kotlin-script-runtime-1.6.20.jar;C:\Users\KabeerAliAlvi\.gradle\caches\modules-2\files-2.1\org.jetbrains.kotlin\kotlin-daemon-embeddable\1.6.20\d4cac343029f48f106c57f457384771165d7deb5\kotlin-daemon-embeddable-1.6.20.jar;C:\Users\KabeerAliAlvi\.gradle\caches\modules-2\files-2.1\org.jetbrains.intellij.deps\trove4j\1.0.20200330\3afb14d5f9ceb459d724e907a21145e8ff394f02\trove4j-1.0.20200330.jar;C:\Users\KabeerAliAlvi\.gradle\caches\modules-2\files-2.1\net.java.dev.jna\jna\5.6.0\330f2244e9030119ab3030fc3fededc86713d9cc\jna-5.6.0.jar;C:\Users\KabeerAliAlvi\.gradle\caches\modules-2\files-2.1\org.jetbrains.kotlin\kotlin-stdlib-common\1.6.20\27b4562b6713d70f458c6d7ea39aadacb8e6a92b\kotlin-stdlib-common-1.6.20.jar;C:\Users\KabeerAliAlvi\.gradle\caches\modules-2\files-2.1\org.jetbrains\annotations\13.0\919f0dfe192fb4e063e7dacadee7f8bb9a2672a9\annotations-13.0.jar
Launcher Type: SUN_STANDARD

[Global flags]
     intx CICompilerCount                          = 3                                         {product} {ergonomic}
     uint ConcGCThreads                            = 1                                         {product} {ergonomic}
     uint G1ConcRefinementThreads                  = 4                                         {product} {ergonomic}
   size_t G1HeapRegionSize                         = 1048576                                   {product} {ergonomic}
    uintx GCDrainStackTargetSize                   = 64                                        {product} {ergonomic}
   size_t InitialHeapSize                          = 130023424                                 {product} {ergonomic}
   size_t MarkStackSize                            = 4194304                                   {product} {ergonomic}
   size_t MaxHeapSize                              = 2080374784                                {product} {ergonomic}
   size_t MaxNewSize                               = 1247805440                                {product} {ergonomic}
   size_t MinHeapDeltaBytes                        = 1048576                                   {product} {ergonomic}
    uintx NonNMethodCodeHeapSize                   = 5830732                                {pd product} {ergonomic}
    uintx NonProfiledCodeHeapSize                  = 122913754                              {pd product} {ergonomic}
    uintx ProfiledCodeHeapSize                     = 122913754                              {pd product} {ergonomic}
    uintx ReservedCodeCacheSize                    = 251658240                              {pd product} {ergonomic}
     bool SegmentedCodeCache                       = true                                      {product} {ergonomic}
     bool UseCompressedClassPointers               = true                                 {lp64_product} {ergonomic}
     bool UseCompressedOops                        = true                                 {lp64_product} {ergonomic}
     bool UseG1GC                                  = true                                      {product} {ergonomic}
     bool UseLargePagesIndividualAllocation        = false                                  {pd product} {ergonomic}

Logging:
Log output configuration:
 #0: stdout all=warning uptime,level,tags
 #1: stderr all=off uptime,level,tags

Environment Variables:
JAVA_HOME=C:\Program Files\Microsoft\jdk-11.0.20.8-hotspot\
CLASSPATH=C:\Users\KabeerAliAlvi\LoginSignup\android\\gradle\wrapper\gradle-wrapper.jar
PATH=C:\Users\KabeerAliAlvi\LoginSignup\node_modules\.bin;C:\Users\KabeerAliAlvi\node_modules\.bin;C:\Users\node_modules\.bin;C:\node_modules\.bin;C:\Program Files\nodejs\node_modules\npm\node_modules\@npmcli\run-script\lib\node-gyp-bin;C:\Program Files\Microsoft\jdk-11.0.20.8-hotspot\bin;C:\Windows\system32;C:\Windows;C:\Windows\System32\Wbem;C:\Windows\System32\WindowsPowerShell\v1.0\;C:\Windows\System32\OpenSSH\;C:\ProgramData\chocolatey\bin;C:\Program Files\nodejs\;C:\Users\KabeerAliAlvi\AppData\Local\Android\Sdk\platform-tools;C:\Users\KabeerAliAlvi\gradle-8.3-all\gradle-8.3\bin;C:\Users\KabeerAliAlvi\AppData\Local\Android\Sdk\platform-tools;C:\Users\KabeerAliAlvi\AppData\Local\Android\Sdk\tools;C:\Users\KabeerAliAlvi\AppData\Local\Android\Sdk\tools;C:\Users\KabeerAliAlvi\AppData\Local\Android\Sdk\tools;C:\Users\KabeerAliAlvi\AppData\Local\Microsoft\WindowsApps;C:\Users\KabeerAliAlvi\AppData\Local\Android\Sdk\platform-tools;D:\Microsoft VS Code\bin;C:\Users\KabeerAliAlvi\AppData\Roaming\npm;C:\Users\KabeerAliAlvi\AppData\Local\GitHubDesktop\bin
USERNAME=KabeerAliAlvi
LANG=en_US.UTF-8
OS=Windows_NT
PROCESSOR_IDENTIFIER=Intel64 Family 6 Model 126 Stepping 5, GenuineIntel
TMP=C:\Users\KABEER~1\AppData\Local\Temp
TEMP=C:\Users\KABEER~1\AppData\Local\Temp



---------------  S Y S T E M  ---------------

OS: Windows 10 , 64 bit Build 19041 (10.0.19041.3393)
OS uptime: 7 days 19:38 hours

CPU:total 4 (initial active 4) (2 cores per cpu, 2 threads per core) family 6 model 126 stepping 5 microcode 0x78, cmov, cx8, fxsr, mmx, sse, sse2, sse3, ssse3, sse4.1, sse4.2, popcnt, avx, avx2, aes, clmul, erms, 3dnowpref, lzcnt, ht, tsc, tscinvbit, bmi1, bmi2, adx, evex, sha, fma

Memory: 4k page, system-wide physical 7934M (284M free)
TotalPageFile size 26605M (AvailPageFile size 3M)
current process WorkingSet (physical memory assigned to process): 383M, peak: 383M
current process commit charge ("private bytes"): 423M, peak: 424M

vm_info: OpenJDK 64-Bit Server VM (11.0.20+8-LTS) for windows-amd64 JRE (11.0.20+8-LTS), built on Jul  7 2023 17:05:21 by "MicrosoftCorporation" with MS VC++ 15.9 (VS2017)

END.
